DEBUG:root:10_123.npz
DEBUG:root:Task-Epoch-CCALoss-PredicLoss-PredicAcc
DEBUG:root:10_123.npz
DEBUG:root:Task-Epoch-CCALoss-PredicLoss-PredicAcc
DEBUG:root:10_123.npz
DEBUG:root:Task-Epoch-CCALoss-PredicLoss-PredicAcc
DEBUG:root:10_123.npz
DEBUG:root:Task-Epoch-CCALoss-PredicLoss-PredicAcc
DEBUG:root:10_123.npz
DEBUG:root:Task-Epoch-CCALoss-PredicLoss-PredicAcc
DEBUG:root:10_123.npz
DEBUG:root:Task-Epoch-CCALoss-PredicLoss-PredicAcc
DEBUG:root:10_123.npz
DEBUG:root:Task-Epoch-CCALoss-PredicLoss-PredicAcc
DEBUG:root:10_123.npz
DEBUG:root:Task-Epoch-CCALoss-PredicLoss-PredicAcc
DEBUG:root:10_123.npz
DEBUG:root:Task-Epoch-CCALoss-PredicLoss-PredicAcc
DEBUG:root:10_123.npz
DEBUG:root:Task-Epoch-CCALoss-PredicLoss-PredicAcc
DEBUG:root:10_123.npz
DEBUG:root:Task-Epoch-CCALoss-PredicLoss-PredicAcc
DEBUG:root:10_123.npz
DEBUG:root:Task-Epoch-CCALoss-PredicLoss-PredicAcc
DEBUG:root:10_123.npz
DEBUG:root:Task-Epoch-CCALoss-PredicLoss-PredicAcc
DEBUG:root:10_123.npz
DEBUG:root:Task-Epoch-CCALoss-PredicLoss-PredicAcc
DEBUG:root:10_123.npz
DEBUG:root:Task-Epoch-CCALoss-PredicLoss-PredicAcc
DEBUG:root:10_123.npz
DEBUG:root:Task-Epoch-CCALoss-PredicLoss-PredicAcc
DEBUG:root:10_123.npz
DEBUG:root:Task-Epoch-CCALoss-PredicLoss-PredicAcc
DEBUG:root:10_123.npz
DEBUG:root:Task-Epoch-CCALoss-PredicLoss-PredicAcc
DEBUG:root:10_123.npz
DEBUG:root:Task-Epoch-CCALoss-PredicLoss-PredicAcc
DEBUG:root:10_123.npz
DEBUG:root:Task-Epoch-CCALoss-PredicLoss-PredicAcc
DEBUG:root:10_123.npz
DEBUG:root:Task-Epoch-CCALoss-PredicLoss-PredicAcc
DEBUG:root:10_123.npz
DEBUG:root:Task-Epoch-CCALoss-PredicLoss-PredicAcc
DEBUG:root:10_123.npz
DEBUG:root:Task-Epoch-CCALoss-PredicLoss-PredicAcc
DEBUG:root:10_123.npz
DEBUG:root:Task-Epoch-CCALoss-PredicLoss-PredicAcc
DEBUG:root:10_123.npz
DEBUG:root:Task-Epoch-CCALoss-PredicLoss-PredicAcc
DEBUG:root:10_123.npz
DEBUG:root:Task-Epoch-CCALoss-PredicLoss-PredicAcc
DEBUG:root:10_123.npz
DEBUG:root:Task-Epoch-CCALoss-PredicLoss-PredicAcc
DEBUG:root:10_123.npz
DEBUG:root:Task-Epoch-CCALoss-PredicLoss-PredicAcc
DEBUG:root:10_123.npz
DEBUG:root:Task-Epoch-CCALoss-PredicLoss-PredicAcc
DEBUG:root:10_123.npz
DEBUG:root:Task-Epoch-CCALoss-PredicLoss-PredicAcc
DEBUG:root:10_123.npz
DEBUG:root:Task-Epoch-CCALoss-PredicLoss-PredicAcc
DEBUG:root:10_123.npz
DEBUG:root:Task-Epoch-CCALoss-PredicLoss-PredicAcc
DEBUG:root:10_123.npz
DEBUG:root:Task-Epoch-CCALoss-PredicLoss-PredicAcc
DEBUG:root:10_123.npz
DEBUG:root:Task-Epoch-CCALoss-PredicLoss-PredicAcc
DEBUG:root:10_123.npz
DEBUG:root:Task-Epoch-CCALoss-PredicLoss-PredicAcc
DEBUG:root:10_123.npz
DEBUG:root:Task-Epoch-CCALoss-PredicLoss-PredicAcc
DEBUG:root:10_123.npz
DEBUG:root:Task-Epoch-CCALoss-PredicLoss-PredicAcc
DEBUG:root:10_123.npz
DEBUG:root:Task-Epoch-CCALoss-PredicLoss-PredicAcc
DEBUG:root:10_123.npz
DEBUG:root:Task-Epoch-CCALoss-PredicLoss-PredicAcc
DEBUG:root:10_123.npz
DEBUG:root:Task-Epoch-CCALoss-PredicLoss-PredicAcc
DEBUG:root:10_123.npz
DEBUG:root:Task-Epoch-CCALoss-PredicLoss-PredicAcc
DEBUG:root:10_123.npz
DEBUG:root:Task-Epoch-CCALoss-PredicLoss-PredicAcc
DEBUG:root:10_123.npz
DEBUG:root:Task-Epoch-CCALoss-PredicLoss-PredicAcc
DEBUG:root:10_123.npz
DEBUG:root:Task-Epoch-CCALoss-PredicLoss-PredicAcc
DEBUG:root:10_123.npz
DEBUG:root:Task-Epoch-CCALoss-PredicLoss-PredicAcc
DEBUG:root:10_123.npz
DEBUG:root:Task-Epoch-CCALoss-PredicLoss-PredicAcc
DEBUG:root:10_123.npz
DEBUG:root:Task-Epoch-CCALoss-PredicLoss-PredicAcc
DEBUG:root:10_123.npz
DEBUG:root:Task-Epoch-CCALoss-PredicLoss-PredicAcc
DEBUG:root:10_123.npz
DEBUG:root:Task-Epoch-CCALoss-PredicLoss-PredicAcc
DEBUG:root:10_123.npz
DEBUG:root:Task-Epoch-CCALoss-PredicLoss-PredicAcc
DEBUG:root:10_123.npz
DEBUG:root:Task-Epoch-CCALoss-PredicLoss-PredicAcc
DEBUG:root:10_123.npz
DEBUG:root:Task-Epoch-CCALoss-PredicLoss-PredicAcc
DEBUG:root:10_123.npz
DEBUG:root:Task-Epoch-CCALoss-PredicLoss-PredicAcc
DEBUG:root:10_123.npz
DEBUG:root:Task-Epoch-CCALoss-PredicLoss-PredicAcc
DEBUG:root:10_123.npz
DEBUG:root:Task-Epoch-CCALoss-PredicLoss-PredicAcc
INFO:root:120-35
DEBUG:root:10_123.npz
DEBUG:root:Task-Epoch-CCALoss-PredicLoss-PredicAcc
INFO:root:114-24
DEBUG:root:10_123.npz
DEBUG:root:Task-Epoch-CCALoss-PredicLoss-PredicAcc
INFO:root:177-30
DEBUG:root:10_123.npz
DEBUG:root:Task-Epoch-CCALoss-PredicLoss-PredicAcc
INFO:root:162-46
DEBUG:root:10_123.npz
DEBUG:root:Task-Epoch-CCALoss-PredicLoss-PredicAcc
DEBUG:root:10_123.npz
DEBUG:root:Task-Epoch-CCALoss-PredicLoss-PredicAcc
INFO:root:182-40
DEBUG:root:10_123.npz
DEBUG:root:Task-Epoch-CCALoss-PredicLoss-PredicAcc
INFO:root:142-36
DEBUG:root:10_123.npz
DEBUG:root:Task-Epoch-CCALoss-PredicLoss-PredicAcc
DEBUG:root:10_123.npz
DEBUG:root:Task-Epoch-CCALoss-PredicLoss-PredicAcc
DEBUG:root:10_123.npz
DEBUG:root:Task-Epoch-CCALoss-PredicLoss-PredicAcc
DEBUG:root:10_123.npz
DEBUG:root:Task-Epoch-CCALoss-PredicLoss-PredicAcc
DEBUG:root:10_123.npz
DEBUG:root:Task-Epoch-CCALoss-PredicLoss-PredicAcc
DEBUG:root:10_123.npz
DEBUG:root:Task-Epoch-CCALoss-PredicLoss-PredicAcc
DEBUG:root:10_123.npz
DEBUG:root:Task-Epoch-CCALoss-PredicLoss-PredicAcc
DEBUG:root:10_123.npz
DEBUG:root:Task-Epoch-CCALoss-PredicLoss-PredicAcc
DEBUG:root:10_123.npz
DEBUG:root:Task-Epoch-CCALoss-PredicLoss-PredicAcc
DEBUG:root:10_123.npz
DEBUG:root:Task-Epoch-CCALoss-PredicLoss-PredicAcc
DEBUG:root:10_123.npz
DEBUG:root:Task-Epoch-CCALoss-PredicLoss-PredicAcc
DEBUG:root:10_123.npz
DEBUG:root:Task-Epoch-CCALoss-PredicLoss-PredicAcc
DEBUG:root:10_123.npz
DEBUG:root:Task-Epoch-CCALoss-PredicLoss-PredicAcc
INFO:root:187-21
DEBUG:root:10_123.npz
DEBUG:root:Task-Epoch-CCALoss-PredicLoss-PredicAcc
INFO:root:123-40
DEBUG:root:10_123.npz
DEBUG:root:Task-Epoch-CCALoss-PredicLoss-PredicAcc
INFO:root:140-36
DEBUG:root:10_123.npz
DEBUG:root:Task-Epoch-CCALoss-PredicLoss-PredicAcc
INFO:root:180-34
DEBUG:root:10_123.npz
DEBUG:root:Task-Epoch-CCALoss-PredicLoss-PredicAcc
INFO:root:100-30
DEBUG:root:10_123.npz
DEBUG:root:Task-Epoch-CCALoss-PredicLoss-PredicAcc
INFO:root:166-28
DEBUG:root:10_123.npz
DEBUG:root:Task-Epoch-CCALoss-PredicLoss-PredicAcc
INFO:root:167-20
DEBUG:root:10_123.npz
DEBUG:root:Task-Epoch-CCALoss-PredicLoss-PredicAcc
INFO:root:154-34
DEBUG:root:10_123.npz
DEBUG:root:Task-Epoch-CCALoss-PredicLoss-PredicAcc
INFO:root:102-35
DEBUG:root:10_123.npz
DEBUG:root:Task-Epoch-CCALoss-PredicLoss-PredicAcc
INFO:root:124-24
DEBUG:root:10_123.npz
DEBUG:root:Task-Epoch-CCALoss-PredicLoss-PredicAcc
INFO:root:164-34
DEBUG:root:10_123.npz
DEBUG:root:Task-Epoch-CCALoss-PredicLoss-PredicAcc
INFO:root:171-40
DEBUG:root:10_123.npz
DEBUG:root:Task-Epoch-CCALoss-PredicLoss-PredicAcc
INFO:root:101-32
DEBUG:root:10_123.npz
DEBUG:root:Task-Epoch-CCALoss-PredicLoss-PredicAcc
INFO:root:152-46
DEBUG:root:10_123.npz
DEBUG:root:Task-Epoch-CCALoss-PredicLoss-PredicAcc
INFO:root:183-32
DEBUG:root:10_123.npz
DEBUG:root:Task-Epoch-CCALoss-PredicLoss-PredicAcc
INFO:root:129-31
DEBUG:root:10_123.npz
DEBUG:root:Task-Epoch-CCALoss-PredicLoss-PredicAcc
INFO:root:153-30
DEBUG:root:10_123.npz
DEBUG:root:Task-Epoch-CCALoss-PredicLoss-PredicAcc
INFO:root:194-41
DEBUG:root:10_123.npz
DEBUG:root:Task-Epoch-CCALoss-PredicLoss-PredicAcc
INFO:root:171-42
DEBUG:root:10_123.npz
DEBUG:root:Task-Epoch-CCALoss-PredicLoss-PredicAcc
INFO:root:114-44
DEBUG:root:10_123.npz
DEBUG:root:Task-Epoch-CCALoss-PredicLoss-PredicAcc
INFO:root:176-32
DEBUG:root:10_123.npz
DEBUG:root:Task-Epoch-CCALoss-PredicLoss-PredicAcc
INFO:root:171-23
INFO:root:	Train	0	-0.12794958838397558	1.5962584018707275	0.17347789824854046
INFO:root:	Test	0	-0.2999982818699362	1.5827913284301758	0.2548076923076923
DEBUG:root:10_123.npz
DEBUG:root:Task-Epoch-CCALoss-PredicLoss-PredicAcc
INFO:root:102-45
INFO:root:	Train	0	-0.12953942334463284	1.5690948963165283	0.27522935779816515
INFO:root:	Test	0	-0.23658828439143428	1.5931357145309448	0.23397435897435898
INFO:root:	Train	1	-0.19923763638824302	1.5190256834030151	0.28523769808173477
INFO:root:	Test	1	-0.25526900559838267	1.529446005821228	0.421474358974359
INFO:root:	Train	2	-0.35744351127468094	1.4181804656982422	0.493744787322769
INFO:root:	Test	2	-0.3206694661028938	1.4155629873275757	0.4823717948717949
INFO:root:	Train	3	-0.30631745416208483	1.3155839443206787	0.48206839032527105
INFO:root:	Test	3	-0.39450569697646937	1.3054847717285156	0.48717948717948717
INFO:root:	Train	4	-0.3085143729651249	1.2396256923675537	0.5462885738115096
INFO:root:	Test	4	-0.44133185478689996	1.2269219160079956	0.48717948717948717
INFO:root:	Train	5	-0.3081341238050932	1.1789518594741821	0.5763135946622185
INFO:root:	Test	5	-0.4556087855816009	1.165472149848938	0.5032051282051282
INFO:root:	Train	6	-0.3171415555476943	1.1255285739898682	0.5904920767306089
INFO:root:	Test	6	-0.47435887690098455	1.1151148080825806	0.532051282051282
INFO:root:	Train	7	-0.3386781848752011	1.0755879878997803	0.5988323603002502
INFO:root:	Test	7	-0.4955263609189434	1.0736135244369507	0.5496794871794872
INFO:root:	Train	8	-0.3614876780895086	1.02748703956604	0.6380316930775647
INFO:root:	Test	8	-0.5189408708018934	1.0407518148422241	0.5576923076923077
INFO:root:	Train	9	-0.3813448539524055	0.9819939732551575	0.6889074228523769
INFO:root:	Test	9	-0.5351360870924827	1.0133914947509766	0.5592948717948718
INFO:root:	Train	10	-0.39113709886189196	0.9396030902862549	0.6980817347789825
INFO:root:	Test	10	-0.5419655371285815	0.9896070957183838	0.5496794871794872
INFO:root:	Train	11	-0.40441639770148863	0.9005116820335388	0.700583819849875
INFO:root:	Test	11	-0.5455540818949918	0.9690766930580139	0.5496794871794872
DEBUG:root:10_123.npz
DEBUG:root:Task-Epoch-CCALoss-PredicLoss-PredicAcc
INFO:root:190-34
INFO:root:	Train	0	-0.1368052916772031	1.5401932001113892	0.27522935779816515
INFO:root:	Test	0	-0.1483533960408081	1.5606603622436523	0.23397435897435898
INFO:root:	Train	1	-0.19175618852113344	1.406765103340149	0.493744787322769
INFO:root:	Test	1	-0.24797650970470175	1.4231157302856445	0.41185897435897434
INFO:root:	Train	2	-0.20092731257003668	1.2570827007293701	0.5587989991659716
INFO:root:	Test	2	-0.28253270462463675	1.2852025032043457	0.47115384615384615
INFO:root:	Train	3	-0.2383128823169947	1.1532973051071167	0.6505421184320267
INFO:root:	Test	3	-0.33676454181239135	1.2174675464630127	0.5240384615384616
INFO:root:	Train	4	-0.2856147865652472	1.0841044187545776	0.6622185154295246
INFO:root:	Test	4	-0.3575288587932316	1.1916669607162476	0.5208333333333334
INFO:root:	Train	5	-0.3124417783924433	0.9827340245246887	0.6622185154295246
INFO:root:	Test	5	-0.3650528869061222	1.1553739309310913	0.5144230769230769
INFO:root:	Train	6	-0.31282603881951576	0.8898388147354126	0.6688907422852377
INFO:root:	Test	6	-0.36590225304432716	1.1379656791687012	0.4358974358974359
INFO:root:	Train	7	-0.2841025020007431	0.8295980095863342	0.7080900750625522
INFO:root:	Test	7	-0.33694303946445137	1.1456210613250732	0.4358974358974359
INFO:root:	Train	8	-0.26455823062756234	0.7679385542869568	0.762301918265221
INFO:root:	Test	8	-0.29466006578562115	1.1468828916549683	0.4358974358974359
INFO:root:	Train	9	-0.2613369283839432	0.6987030506134033	0.7656380316930775
INFO:root:	Test	9	-0.2419500181593841	1.152935266494751	0.4358974358974359
INFO:root:	Train	10	-0.28020539314135406	0.64493727684021	0.7823185988323603
INFO:root:	Test	10	-0.21910207650978888	1.1604970693588257	0.4358974358974359
INFO:root:	Train	11	-0.2786760535207066	0.6028141379356384	0.7931609674728941
INFO:root:	Test	11	-0.21302989423297986	1.1731750965118408	0.4599358974358974
INFO:root:	Train	12	-0.25636099215554065	0.5638735890388489	0.8056713928273561
INFO:root:	Test	12	-0.20793323153814677	1.1897332668304443	0.49038461538461536
INFO:root:	Train	13	-0.26682775429757044	0.5283955335617065	0.8165137614678899
INFO:root:	Test	13	-0.21310257949508804	1.2061724662780762	0.4951923076923077
INFO:root:	Train	14	-0.27333075848220273	0.4942065477371216	0.8265221017514596
INFO:root:	Test	14	-0.22116601495214597	1.2225209474563599	0.46955128205128205
INFO:root:	Train	15	-0.2720069788019784	0.4608713686466217	0.8290241868223519
INFO:root:	Test	15	-0.2259322828706964	1.2404522895812988	0.44711538461538464
INFO:root:	Train	16	-0.26608875597467074	0.4304259121417999	0.8315262718932444
INFO:root:	Test	16	-0.2268711098530936	1.2705085277557373	0.4375
INFO:root:	Train	17	-0.2578347283834413	0.4034237265586853	0.8373644703919934
INFO:root:	Test	17	-0.2210539401457008	1.303605079650879	0.4326923076923077
INFO:root:	Train	18	-0.25816106271545436	0.3809594213962555	0.8315262718932444
INFO:root:	Test	18	-0.2258035015006861	1.3213739395141602	0.4423076923076923
INFO:root:	Train	19	-0.2486315923686794	0.35949158668518066	0.8440366972477065
INFO:root:	Test	19	-0.24740908835506878	1.3415251970291138	0.4423076923076923
INFO:root:	Train	20	-0.2254186970847368	0.34106722474098206	0.859883236030025
INFO:root:	Test	20	-0.2419385448400814	1.3607268333435059	0.4519230769230769
INFO:root:	Train	21	-0.2131508168699099	0.3237394392490387	0.8748957464553795
INFO:root:	Test	21	-0.2247772878504601	1.3878144025802612	0.4567307692307692
INFO:root:	Train	22	-0.20926158073720888	0.30838361382484436	0.8748957464553795
INFO:root:	Test	22	-0.23257307331916308	1.4188146591186523	0.4519230769230769
INFO:root:	Train	23	-0.27056443245659384	0.2910982072353363	0.8840700583819849
INFO:root:	Test	23	-0.29631361153587976	1.446744441986084	0.4423076923076923
INFO:root:	Train	24	-0.26046936796300146	0.27584636211395264	0.9007506255212677
INFO:root:	Test	24	-0.24626030829004908	1.4729089736938477	0.4423076923076923
INFO:root:	Train	25	-0.25179949641074806	0.26035234332084656	0.9216013344453712
INFO:root:	Test	25	-0.23311185060586473	1.5060580968856812	0.4423076923076923
INFO:root:	Train	26	-0.2702664609386032	0.24549494683742523	0.932443703085905
INFO:root:	Test	26	-0.24450506279046086	1.543992042541504	0.4567307692307692
INFO:root:	Train	27	-0.25894105979520005	0.2307533621788025	0.9357798165137615
INFO:root:	Test	27	-0.22231761386275473	1.5856974124908447	0.46314102564102566
INFO:root:	Train	28	-0.258535716980279	0.21622110903263092	0.944954128440367
INFO:root:	Test	28	-0.21988554943843286	1.6364346742630005	0.46634615384615385
INFO:root:	Train	29	-0.2590269230605508	0.20187607407569885	0.9516263552960801
INFO:root:	Test	29	-0.2093878247165352	1.6648105382919312	0.5144230769230769
INFO:root:	Train	30	-0.24438820670396236	0.18612881004810333	0.9516263552960801
INFO:root:	Test	30	-0.18973611535964066	1.716784954071045	0.530448717948718
INFO:root:	Train	31	-0.2518073384643417	0.16998325288295746	0.9516263552960801
INFO:root:	Test	31	-0.2113032554399463	1.7858855724334717	0.5160256410256411
INFO:root:	Train	32	-0.25999095824023233	0.15611213445663452	0.9516263552960801
INFO:root:	Test	32	-0.2141333052158038	1.8349510431289673	0.5224358974358975
INFO:root:	Train	33	-0.26042685784502245	0.14376327395439148	0.9641367806505421
INFO:root:	Test	33	-0.2096747339005763	1.8898134231567383	0.5032051282051282
INFO:root:	Train	34	-0.25860977942902147	0.13250607252120972	0.9658048373644704
INFO:root:	Test	34	-0.20514754313507974	1.9363027811050415	0.5240384615384616
INFO:root:	Train	35	-0.2578753982801101	0.12204112112522125	0.9658048373644704
INFO:root:	Test	35	-0.20351808784453745	1.9936562776565552	0.530448717948718
INFO:root:	Train	36	-0.26024377582547636	0.11316455900669098	0.9658048373644704
INFO:root:	Test	36	-0.2029975112790477	2.0463945865631104	0.5528846153846154
INFO:root:	Train	37	-0.26108751352074755	0.10528607666492462	0.9658048373644704
INFO:root:	Test	37	-0.20518958177115942	2.0778398513793945	0.5625
INFO:root:	Train	38	-0.2731132096542103	0.09930165857076645	0.9658048373644704
INFO:root:	Test	38	-0.2139858269577153	2.1244373321533203	0.5833333333333334
INFO:root:	Train	39	-0.28654951526703293	0.09439097344875336	0.9658048373644704
INFO:root:	Test	39	-0.22335430428917566	2.1673505306243896	0.5865384615384616
INFO:root:	Train	40	-0.2859434974942589	0.08896416425704956	0.9658048373644704
INFO:root:	Test	40	-0.21881427308999063	2.213374614715576	0.5881410256410257
INFO:root:	Train	41	-0.2858990427454315	0.08455294370651245	0.9658048373644704
INFO:root:	Test	41	-0.21598436788654768	2.2456321716308594	0.5913461538461539
INFO:root:	Train	42	-0.2775948388986151	0.0800817459821701	0.9658048373644704
INFO:root:	Test	42	-0.20405533983267443	2.282876968383789	0.592948717948718
INFO:root:	Train	43	-0.26008417947860735	0.07648447901010513	0.9658048373644704
INFO:root:	Test	43	-0.1887648589506387	2.330146074295044	0.594551282051282
INFO:root:	Train	44	-0.24918622993026365	0.07369843125343323	0.9658048373644704
INFO:root:	Test	44	-0.18271649598819817	2.358142137527466	0.5961538461538461
INFO:root:	Train	45	-0.24122948403515324	0.08856602758169174	0.9658048373644704
INFO:root:	Test	45	-0.19420917601772522	2.2950828075408936	0.5400641025641025
INFO:root:	Train	46	-0.22763120008556226	0.06961166113615036	0.9658048373644704
INFO:root:	Test	46	-0.18055505956688858	2.4561142921447754	0.5993589743589743
INFO:root:	Train	47	-0.20977803267035722	0.06753310561180115	0.9658048373644704
INFO:root:	Test	47	-0.1656992374979829	2.47314190864563	0.5993589743589743
INFO:root:	Train	48	-0.19500448934330636	0.06550904363393784	0.9658048373644704
INFO:root:	Test	48	-0.15333965081967044	2.5086357593536377	0.6009615384615384
INFO:root:	Train	49	-0.18035665594360148	0.06345857679843903	0.9658048373644704
INFO:root:	Test	49	-0.14191344896023889	2.5472559928894043	0.6009615384615384
DEBUG:root:10_123.npz
DEBUG:root:Task-Epoch-CCALoss-PredicLoss-PredicAcc
DEBUG:root:10_123.npz
DEBUG:root:Task-Epoch-CCALoss-PredicLoss-PredicAcc
DEBUG:root:10_123.npz
DEBUG:root:Task-Epoch-CCALoss-PredicLoss-PredicAcc
INFO:root:174-35
INFO:root:	Train	0	-0.09515890353614925	1.5862030982971191	0.27522935779816515
INFO:root:	Test	0	-0.16269876168467076	1.6158037185668945	0.23397435897435898
INFO:root:	Train	1	-0.1456283208945412	1.5852141380310059	0.27522935779816515
INFO:root:	Test	1	-0.21865943680177025	1.619740605354309	0.23397435897435898
INFO:root:	Train	2	-0.19703644589751443	1.5780595541000366	0.27522935779816515
INFO:root:	Test	2	-0.2629495359394916	1.615366816520691	0.23397435897435898
INFO:root:	Train	3	-0.25077748875362343	1.5535553693771362	0.27522935779816515
INFO:root:	Test	3	-0.27579237642668936	1.587304949760437	0.23397435897435898
INFO:root:	Train	4	-0.28787463257510143	1.4770288467407227	0.30442035029190995
INFO:root:	Test	4	-0.33626346511229377	1.5187697410583496	0.3349358974358974
INFO:root:	Train	5	-0.2781069959666779	1.3578495979309082	0.4603836530442035
INFO:root:	Test	5	-0.3749116399371388	1.4217827320098877	0.4599358974358974
INFO:root:	Train	6	-0.28647754849769047	1.2544571161270142	0.5004170141784821
INFO:root:	Test	6	-0.432073534355368	1.3680963516235352	0.358974358974359
INFO:root:	Train	7	-0.29611843619852785	1.2041399478912354	0.5529608006672226
INFO:root:	Test	7	-0.47649456686197567	1.3666412830352783	0.3717948717948718
INFO:root:	Train	8	-0.30843273998783866	1.1726428270339966	0.5888240200166805
INFO:root:	Test	8	-0.5172568621921626	1.3665505647659302	0.3766025641025641
INFO:root:	Train	9	-0.2987371841916257	1.1418495178222656	0.6130108423686406
INFO:root:	Test	9	-0.5195984471969662	1.358047366142273	0.3782051282051282
INFO:root:	Train	10	-0.2941696360835775	1.1006070375442505	0.6105087572977481
INFO:root:	Test	10	-0.4926413752163099	1.3578928709030151	0.3814102564102564
INFO:root:	Train	11	-0.29528547616849743	1.0568369626998901	0.6346955796497081
INFO:root:	Test	11	-0.489682349461207	1.3546007871627808	0.38461538461538464
INFO:root:	Train	12	-0.3035574801603495	1.022003412246704	0.6380316930775647
INFO:root:	Test	12	-0.5072779333833374	1.3587093353271484	0.38621794871794873
INFO:root:	Train	13	-0.29720390376846645	0.9868271946907043	0.6447039199332777
INFO:root:	Test	13	-0.5025022498691338	1.3627078533172607	0.38461538461538464
INFO:root:	Train	14	-0.2978033738944201	0.9566815495491028	0.6513761467889908
INFO:root:	Test	14	-0.486045330715614	1.3741536140441895	0.38301282051282054
INFO:root:	Train	15	-0.32794220583671846	0.942362368106842	0.6605504587155964
INFO:root:	Test	15	-0.4803205762800476	1.3693307638168335	0.3814102564102564
INFO:root:	Train	16	-0.37752840906079105	0.9358590245246887	0.6705587989991659
INFO:root:	Test	16	-0.5284587649205528	1.3575183153152466	0.38301282051282054
INFO:root:	Train	17	-0.3952419835204374	0.9120879769325256	0.6730608840700584
INFO:root:	Test	17	-0.5606669386319406	1.369640827178955	0.38621794871794873
INFO:root:	Train	18	-0.4067556214556039	0.8843857645988464	0.6680567139282736
INFO:root:	Test	18	-0.588760073367349	1.391288161277771	0.3894230769230769
INFO:root:	Train	19	-0.41537415745058215	0.8589382171630859	0.6747289407839867
INFO:root:	Test	19	-0.5967556102891067	1.4072508811950684	0.391025641025641
INFO:root:	Train	20	-0.4187411059938538	0.8318703770637512	0.6889074228523769
INFO:root:	Test	20	-0.6046212455108916	1.4117052555084229	0.3926282051282051
INFO:root:	Train	21	-0.41391347653037713	0.8028435111045837	0.6905754795663053
INFO:root:	Test	21	-0.5768863502496396	1.4251470565795898	0.3926282051282051
INFO:root:	Train	22	-0.40856916131486476	0.7737096548080444	0.7064220183486238
INFO:root:	Test	22	-0.5408185780164765	1.4351098537445068	0.3926282051282051
INFO:root:	Train	23	-0.41140922127956575	0.7402711510658264	0.7264386989157632
INFO:root:	Test	23	-0.513927122049971	1.4456907510757446	0.3926282051282051
INFO:root:	Train	24	-0.4203446548608114	0.7004199028015137	0.7447873227689742
INFO:root:	Test	24	-0.50488768358737	1.4601143598556519	0.3926282051282051
INFO:root:	Train	25	-0.41335989702996917	0.6662235260009766	0.7639699749791493
INFO:root:	Test	25	-0.47657975728984214	1.4506992101669312	0.3926282051282051
INFO:root:	Train	26	-0.4078275814302173	0.6328655481338501	0.7789824854045038
INFO:root:	Test	26	-0.47319779652397037	1.4388827085494995	0.3926282051282051
INFO:root:	Train	27	-0.43477793996266423	0.5948696732521057	0.7939949958298582
INFO:root:	Test	27	-0.5061841564924122	1.447691559791565	0.42628205128205127
INFO:root:	Train	28	-0.4834023310431141	0.5570341944694519	0.7964970809007507
INFO:root:	Test	28	-0.5582644784926047	1.4660378694534302	0.46794871794871795
DEBUG:root:10_123.npz
DEBUG:root:Task-Epoch-CCALoss-PredicLoss-PredicAcc
DEBUG:root:10_123.npz
DEBUG:root:Task-Epoch-CCALoss-PredicLoss-PredicAcc
DEBUG:root:10_123.npz
DEBUG:root:Task-Epoch-CCALoss-PredicLoss-PredicAcc
INFO:root:190-34
INFO:root:	Train	0	-0.14657914841741962	1.5366952419281006	0.3219349457881568
INFO:root:	Test	0	-0.2050714520754714	1.5390353202819824	0.34935897435897434
INFO:root:	Train	1	-0.15962750159897762	1.4275476932525635	0.427022518765638
INFO:root:	Test	1	-0.2118342413606061	1.4187743663787842	0.532051282051282
DEBUG:root:10_123.npz
DEBUG:root:Task-Epoch-CCALoss-PredicLoss-PredicAcc
INFO:root:164-20
INFO:root:	Train	0	-0.13247947769923504	1.5574657917022705	0.27522935779816515
INFO:root:	Test	0	-0.19526679128660937	1.5844225883483887	0.23397435897435898
INFO:root:	Train	1	-0.2636244994956797	1.4773586988449097	0.48123436196830693
INFO:root:	Test	1	-0.27874224466820213	1.5030395984649658	0.47115384615384615
INFO:root:	Train	2	-0.2624175365132114	1.3652424812316895	0.5195996663886572
INFO:root:	Test	2	-0.36731051646155793	1.411320447921753	0.453525641025641
INFO:root:	Train	3	-0.2805219697394735	1.292448878288269	0.5287739783152627
INFO:root:	Test	3	-0.38663698034998467	1.3694109916687012	0.4935897435897436
INFO:root:	Train	4	-0.2812890820569668	1.1974276304244995	0.5821517931609674
INFO:root:	Test	4	-0.36465457343730856	1.29983389377594	0.5096153846153846
INFO:root:	Train	5	-0.28833041832140305	1.1046664714813232	0.6071726438698916
INFO:root:	Test	5	-0.3637842708243684	1.2371695041656494	0.532051282051282
INFO:root:	Train	6	-0.30743382880503056	1.0164872407913208	0.6338615512927439
INFO:root:	Test	6	-0.3905609519597365	1.1814507246017456	0.532051282051282
INFO:root:	Train	7	-0.3368357455432463	0.9444159269332886	0.6688907422852377
INFO:root:	Test	7	-0.4211134904378642	1.1399779319763184	0.532051282051282
INFO:root:	Train	8	-0.3537469144674889	0.8848313689231873	0.6788990825688074
INFO:root:	Test	8	-0.44190642617572445	1.1128313541412354	0.532051282051282
INFO:root:	Train	9	-0.34268980683639766	0.8308354616165161	0.7097581317764804
INFO:root:	Test	9	-0.4021656899559819	1.0927836894989014	0.48878205128205127
INFO:root:	Train	10	-0.33302557283787076	0.7937732338905334	0.7264386989157632
INFO:root:	Test	10	-0.377245083768863	1.0712121725082397	0.4375
INFO:root:	Train	11	-0.3181271514928653	0.7482733726501465	0.7506255212677231
INFO:root:	Test	11	-0.3551895465999753	1.0601415634155273	0.4391025641025641
INFO:root:	Train	12	-0.29340909172748336	0.7047383785247803	0.762301918265221
INFO:root:	Test	12	-0.34000292122827097	1.0570409297943115	0.4407051282051282
INFO:root:	Train	13	-0.2742856814853167	0.6677324175834656	0.762301918265221
INFO:root:	Test	13	-0.31310062215128553	1.0559602975845337	0.4423076923076923
INFO:root:	Train	14	-0.24996120501790323	0.6347295045852661	0.7656380316930775
INFO:root:	Test	14	-0.2734866447585543	1.0563693046569824	0.4358974358974359
INFO:root:	Train	15	-0.23345607181042846	0.6040026545524597	0.7706422018348624
INFO:root:	Test	15	-0.26043962281967575	1.0590533018112183	0.4358974358974359
INFO:root:	Train	16	-0.22288169170440023	0.5751481652259827	0.7881567973311092
INFO:root:	Test	16	-0.23700527819092201	1.0614348649978638	0.46634615384615385
INFO:root:	Train	17	-0.20782705003608276	0.5461558103561401	0.8156797331109258
INFO:root:	Test	17	-0.21839564181862225	1.0690900087356567	0.47435897435897434
INFO:root:	Train	18	-0.21391744676713578	0.518523097038269	0.8298582151793161
INFO:root:	Test	18	-0.1901794622742746	1.0681759119033813	0.4823717948717949
INFO:root:	Train	19	-0.21620541154857828	0.4925001561641693	0.835696413678065
INFO:root:	Test	19	-0.1850307590369751	1.0866022109985352	0.530448717948718
INFO:root:	Train	20	-0.1968060842768343	0.46370118856430054	0.8690575479566305
INFO:root:	Test	20	-0.19654179090602916	1.1001653671264648	0.5464743589743589
INFO:root:	Train	21	-0.1515376554464128	0.47848644852638245	0.8465387823185988
INFO:root:	Test	21	-0.21876506808629428	1.1683974266052246	0.5689102564102564
INFO:root:	Train	22	-0.11835841026197001	0.4211444556713104	0.8773978315262719
INFO:root:	Test	22	-0.25815018316754684	1.1561610698699951	0.5705128205128205
INFO:root:	Train	23	-0.16389353128512546	0.38743674755096436	0.908256880733945
INFO:root:	Test	23	-0.2885019515667615	1.1663668155670166	0.5176282051282052
INFO:root:	Train	24	-0.16548631292068317	0.3834485113620758	0.8924103419516264
INFO:root:	Test	24	-0.30307672226349514	1.2134979963302612	0.5705128205128205
INFO:root:	Train	25	-0.17457653777168522	0.3615821599960327	0.896580483736447
INFO:root:	Test	25	-0.3082645949896675	1.2450429201126099	0.5705128205128205
INFO:root:	Train	26	-0.21344160871337395	0.43244054913520813	0.8457047539616347
INFO:root:	Test	26	-0.27875453050180443	1.3757976293563843	0.453525641025641
INFO:root:	Train	27	-0.2196796344191902	0.31923067569732666	0.9032527105921602
INFO:root:	Test	27	-0.25200814547422823	1.3221255540847778	0.5705128205128205
INFO:root:	Train	28	-0.23307694102351983	0.36182984709739685	0.8790658882402002
INFO:root:	Test	28	-0.23610838835638917	1.4040122032165527	0.5080128205128205
INFO:root:	Train	29	-0.26921625784776054	0.3559766709804535	0.8865721434528774
INFO:root:	Test	29	-0.25881280972655096	1.445629596710205	0.44711538461538464
INFO:root:	Train	30	-0.2552717293046485	0.38061755895614624	0.8715596330275229
INFO:root:	Test	30	-0.2595686137529787	1.5308513641357422	0.4198717948717949
INFO:root:	Train	31	-0.22055804272382454	0.31985822319984436	0.8949124270225187
INFO:root:	Test	31	-0.2602219078896382	1.5228917598724365	0.4310897435897436
INFO:root:	Train	32	-0.23290442475665363	0.35239171981811523	0.8748957464553795
INFO:root:	Test	32	-0.2587661086043195	1.6284314393997192	0.4198717948717949
INFO:root:	Train	33	-0.2536688616395899	0.30282914638519287	0.8924103419516264
INFO:root:	Test	33	-0.2756174027781849	1.6162959337234497	0.4198717948717949
INFO:root:	Train	34	-0.16141713165035781	0.2536858916282654	0.9216013344453712
INFO:root:	Test	34	-0.17826913959142582	1.5817996263504028	0.48717948717948717
INFO:root:	Train	35	-0.17219821378885922	0.2605628967285156	0.9132610508757297
INFO:root:	Test	35	-0.13838161385408115	1.6581670045852661	0.4439102564102564
INFO:root:	Train	36	-0.1807543495359358	0.20235873758792877	0.9658048373644704
INFO:root:	Test	36	-0.1486676773698192	1.5649173259735107	0.49038461538461536
INFO:root:	Train	37	-0.22283540854054873	0.20630735158920288	0.9608006672226855
INFO:root:	Test	37	-0.18049828861933315	1.6351879835128784	0.5160256410256411
INFO:root:	Train	38	-0.18459235752503225	0.21173100173473358	0.9557964970809008
INFO:root:	Test	38	-0.19608115837059606	1.7066525220870972	0.4791666666666667
INFO:root:	Train	39	-0.2149628463759737	0.18360352516174316	0.9658048373644704
INFO:root:	Test	39	-0.15667882522574753	1.6442111730575562	0.4599358974358974
INFO:root:	Train	40	-0.2263357937510362	0.1761804223060608	0.9658048373644704
INFO:root:	Test	40	-0.13998493175933505	1.7009515762329102	0.47275641025641024
INFO:root:	Train	41	-0.2189867555929667	0.16601383686065674	0.9658048373644704
INFO:root:	Test	41	-0.13876945192342555	1.712654709815979	0.46955128205128205
INFO:root:	Train	42	-0.22371160293946185	0.1575949639081955	0.9658048373644704
INFO:root:	Test	42	-0.14623218234326077	1.7732248306274414	0.4150641025641026
INFO:root:	Train	43	-0.22571665310728875	0.14876961708068848	0.9658048373644704
INFO:root:	Test	43	-0.15927631122379474	1.7374111413955688	0.4519230769230769
INFO:root:	Train	44	-0.2426608753453035	0.14049860835075378	0.9658048373644704
INFO:root:	Test	44	-0.16628655320600433	1.8105090856552124	0.42628205128205127
INFO:root:	Train	45	-0.27139144893827577	0.32462990283966064	0.8673894912427023
INFO:root:	Test	45	-0.19008539326286303	2.412224769592285	0.4198717948717949
INFO:root:	Train	46	-0.3361339076317364	0.1311451941728592	0.9658048373644704
INFO:root:	Test	46	-0.2572620612005682	1.8221038579940796	0.453525641025641
INFO:root:	Train	47	-0.3816153906470589	0.12507180869579315	0.9658048373644704
INFO:root:	Test	47	-0.32514899521268653	1.8491586446762085	0.4407051282051282
INFO:root:	Train	48	-0.4025958610117066	0.11980721354484558	0.9658048373644704
INFO:root:	Test	48	-0.3834073820580983	1.865090012550354	0.4407051282051282
INFO:root:	Train	49	-0.40003724914254707	0.11542456597089767	0.9658048373644704
INFO:root:	Test	49	-0.4221942286439063	1.9105136394500732	0.41185897435897434
INFO:root:	Train	50	-0.46032651417556486	0.1116456463932991	0.9658048373644704
INFO:root:	Test	50	-0.5722969712070901	1.9679161310195923	0.3894230769230769
INFO:root:	Train	51	-0.47602284142556867	0.10590717941522598	0.9658048373644704
INFO:root:	Test	51	-0.5824989762755407	1.9755018949508667	0.3894230769230769
INFO:root:	Train	52	-0.4573994894442902	0.09992733597755432	0.9658048373644704
INFO:root:	Test	52	-0.5512954040784902	2.007628917694092	0.38461538461538464
INFO:root:	Train	53	-0.45807065687387805	0.0966133251786232	0.9658048373644704
INFO:root:	Test	53	-0.5662041341840381	1.9366406202316284	0.4407051282051282
INFO:root:	Train	54	-0.4543015732566193	0.09026147425174713	0.9658048373644704
INFO:root:	Test	54	-0.5650428489358081	1.9233856201171875	0.46474358974358976
INFO:root:	Train	55	-0.48930662675951636	0.08650530874729156	0.9658048373644704
INFO:root:	Test	55	-0.6018919081222881	1.9208053350448608	0.4775641025641026
INFO:root:	Train	56	-0.525365874552729	0.08282413333654404	0.9658048373644704
INFO:root:	Test	56	-0.6526021649433346	1.9256560802459717	0.4791666666666667
INFO:root:	Train	57	-0.5256882826600211	0.07752908766269684	0.9658048373644704
INFO:root:	Test	57	-0.6561089701331345	1.9507869482040405	0.4791666666666667
INFO:root:	Train	58	-0.4990891429839788	0.07227946817874908	0.9658048373644704
INFO:root:	Test	58	-0.6329386405700222	1.9883896112442017	0.44551282051282054
INFO:root:	Train	59	-0.4993407075140785	0.06729817390441895	0.9658048373644704
INFO:root:	Test	59	-0.6346080347334304	2.0304808616638184	0.4310897435897436
INFO:root:	Train	60	-0.4771148409590765	0.06251068413257599	0.9891576313594662
INFO:root:	Test	60	-0.6184248092858705	2.061796188354492	0.4423076923076923
INFO:root:	Train	61	-0.4658367897139556	0.0577399767935276	1.0
INFO:root:	Test	61	-0.6115446241845177	2.092346668243408	0.4599358974358974
INFO:root:	Train	62	-0.4605293055533329	0.05303993076086044	1.0
INFO:root:	Test	62	-0.6108724587399578	2.1246402263641357	0.4519230769230769
INFO:root:	Train	63	-0.4662243664915468	0.048636481165885925	1.0
INFO:root:	Test	63	-0.6217345212728905	2.151442050933838	0.44551282051282054
INFO:root:	Train	64	-0.47547149314853265	0.04437737539410591	1.0
INFO:root:	Test	64	-0.636208836649107	2.1768524646759033	0.4423076923076923
INFO:root:	Train	65	-0.5315334722424773	0.044499389827251434	1.0
INFO:root:	Test	65	-0.6963674823728447	2.0916340351104736	0.4182692307692308
INFO:root:	Train	66	-0.5536387546962476	0.04137922450900078	1.0
INFO:root:	Test	66	-0.7164064405914385	2.106550931930542	0.40064102564102566
INFO:root:	Train	67	-0.570774606527075	0.03882646560668945	1.0
INFO:root:	Test	67	-0.7349795790886335	2.11883282661438	0.41025641025641024
INFO:root:	Train	68	-0.5912936057619504	0.03665674477815628	1.0
INFO:root:	Test	68	-0.7585762805610631	2.141357898712158	0.39903846153846156
INFO:root:	Train	69	-0.6069720276103141	0.03454696387052536	1.0
INFO:root:	Test	69	-0.7789039850564363	2.1593503952026367	0.40224358974358976
INFO:root:140-33
INFO:root:	Train	0	-0.16909850316160455	1.5769120454788208	0.27522935779816515
INFO:root:	Test	0	-0.3379128333245199	1.5955513715744019	0.23397435897435898
INFO:root:	Train	1	-0.21238260144402799	1.5494420528411865	0.27522935779816515
INFO:root:	Test	1	-0.3287453021859183	1.5655401945114136	0.23397435897435898
INFO:root:	Train	2	-0.30519955964188694	1.4898191690444946	0.390325271059216
INFO:root:	Test	2	-0.35272345598730775	1.4993970394134521	0.2532051282051282
INFO:root:	Train	3	-0.36453633068111185	1.3983384370803833	0.47289407839866554
INFO:root:	Test	3	-0.40461400813557197	1.4087707996368408	0.5192307692307693
INFO:root:	Train	4	-0.36905221736606864	1.2984060049057007	0.5446205170975813
INFO:root:	Test	4	-0.4577389439069215	1.3174922466278076	0.532051282051282
INFO:root:	Train	5	-0.4360075114332816	1.2016351222991943	0.6330275229357798
INFO:root:	Test	5	-0.5445299017139928	1.2344157695770264	0.532051282051282
INFO:root:	Train	6	-0.4902831027892356	1.1175322532653809	0.6413678065054211
INFO:root:	Test	6	-0.6255975514723594	1.1681526899337769	0.47596153846153844
INFO:root:	Train	7	-0.555263068395851	1.0439298152923584	0.6605504587155964
INFO:root:	Test	7	-0.7011771954166542	1.1117912530899048	0.49198717948717946
INFO:root:	Train	8	-0.6139143629264978	0.9742217063903809	0.6663886572143453
INFO:root:	Test	8	-0.7315002770275462	1.060739517211914	0.532051282051282
INFO:root:	Train	9	-0.6572943022985676	0.9060396552085876	0.6822351959966639
INFO:root:	Test	9	-0.7379634470360472	1.0162453651428223	0.5272435897435898
INFO:root:	Train	10	-0.6917209734620475	0.8375179767608643	0.731442869057548
INFO:root:	Test	10	-0.7477080674908011	0.9761329293251038	0.5448717948717948
DEBUG:root:10_123.npz
DEBUG:root:Task-Epoch-CCALoss-PredicLoss-PredicAcc
INFO:root:131-21
DEBUG:root:10_123.npz
DEBUG:root:Task-Epoch-CCALoss-PredicLoss-PredicAcc
INFO:root:102-22
DEBUG:root:10_123.npz
DEBUG:root:Task-Epoch-CCALoss-PredicLoss-PredicAcc
INFO:root:154-27
DEBUG:root:10_123.npz
DEBUG:root:Task-Epoch-CCALoss-PredicLoss-PredicAcc
INFO:root:148-24
DEBUG:root:10_123.npz
DEBUG:root:Task-Epoch-CCALoss-PredicLoss-PredicAcc
INFO:root:139-28
INFO:root:	Train	0	-0.11212405484369758	1.5905561447143555	0.27522935779816515
INFO:root:	Test	0	-0.21750356358877404	1.6289350986480713	0.23397435897435898
INFO:root:	Train	1	-0.12109351339340414	1.5529271364212036	0.27522935779816515
INFO:root:	Test	1	-0.1892900835453938	1.5793629884719849	0.23397435897435898
DEBUG:root:10_123.npz
DEBUG:root:Task-Epoch-CCALoss-PredicLoss-PredicAcc
INFO:root:135-21
INFO:root:	Train	0	-0.10313608353874279	1.536340594291687	0.3678065054211843
INFO:root:	Test	0	-0.14751923739662565	1.5513356924057007	0.421474358974359
DEBUG:root:10_123.npz
DEBUG:root:Task-Epoch-CCALoss-PredicLoss-PredicAcc
INFO:root:142-23
INFO:root:	Train	0	-0.10634246825775931	1.5721203088760376	0.27522935779816515
INFO:root:	Test	0	-0.21512903360773833	1.614186406135559	0.23397435897435898
INFO:root:	Train	1	-0.2011270347546337	1.5085352659225464	0.30442035029190995
INFO:root:	Test	1	-0.262809387788457	1.552643060684204	0.2467948717948718
INFO:root:	Train	2	-0.2566129305425799	1.4125527143478394	0.41618015012510423
INFO:root:	Test	2	-0.35293605478072426	1.4658087491989136	0.3125
DEBUG:root:10_123.npz
DEBUG:root:Task-Epoch-CCALoss-PredicLoss-PredicAcc
INFO:root:186-26
INFO:root:	Train	0	-1.4607863526476983	1.4755463600158691	0.5654712260216848
INFO:root:	Test	0	-1.2253453879711669	1.5210942029953003	0.2900641025641026
INFO:root:	Train	1	-1.6412312895008745	1.350887417793274	0.445371142618849
INFO:root:	Test	1	-1.4206614800855493	1.475338339805603	0.3814102564102564
INFO:root:	Train	2	-1.654715148415942	1.3084869384765625	0.41117597998331945
INFO:root:	Test	2	-1.4429316122287017	1.4921073913574219	0.3605769230769231
INFO:root:	Train	3	-1.6848755113393592	1.184853196144104	0.6105087572977481
INFO:root:	Test	3	-1.4578123262225642	1.4540590047836304	0.3798076923076923
